2024-05-11-22:05 INFO: Start Logging
2024-05-11-22:05 INFO: Log file path: ../log/khop_2024-05-11-22-05.log
2024-05-11-22:05 INFO: Start recording...
2024-05-11-22:05 INFO: --------------------------------------------------------------------------
2024-05-11-22:05 INFO: Start processing graph: Cora
2024-05-11-22:05 INFO: Number of nodes: 2708
2024-05-11-22:05 INFO: Number of edges: 10556
2024-05-11-22:05 INFO: Is undirected: True
2024-05-11-22:05 INFO: num_edge_features: 0
2024-05-11-22:05 INFO: num_node_features: 1433
2024-05-11-22:05 INFO: avg degree: 3.8980797636632203
2024-05-11-22:05 INFO: Number of train samples: 1000
2024-05-11-22:05 INFO: Number of test samples: 1000
2024-05-11-22:05 INFO: Number of val samples: 500
2024-05-11-22:05 INFO: avg 2-hop subgraph size: 36.77843426883309
2024-05-11-22:05 INFO: max 2-hop subgraph size: 426
2024-05-11-22:05 INFO: min 2-hop subgraph size: 2
2024-05-11-22:05 INFO: avg 2-hop subgraph edge size: 125.40251107828657
2024-05-11-22:05 INFO: max 2-hop subgraph edge size: 1790
2024-05-11-22:05 INFO: min 2-hop subgraph edge size: 2
2024-05-11-22:05 INFO: avg 3-hop subgraph size: 128.08197932053176
2024-05-11-22:05 INFO: max 3-hop subgraph size: 899
2024-05-11-22:05 INFO: min 3-hop subgraph size: 2
2024-05-11-22:05 INFO: avg 3-hop subgraph edge size: 481.4187592319055
2024-05-11-22:05 INFO: max 3-hop subgraph edge size: 3692
2024-05-11-22:05 INFO: min 3-hop subgraph edge size: 2
2024-05-11-22:05 INFO: --------------------------------------------------------------------------
2024-05-11-22:05 INFO: --------------------------------------------------------------------------
2024-05-11-22:05 INFO: Start processing graph: Citeseer
2024-05-11-22:05 INFO: Number of nodes: 3327
2024-05-11-22:05 INFO: Number of edges: 9104
2024-05-11-22:05 INFO: Is undirected: True
2024-05-11-22:05 INFO: num_edge_features: 0
2024-05-11-22:05 INFO: num_node_features: 3703
2024-05-11-22:05 INFO: avg degree: 2.7363991584009617
2024-05-11-22:05 INFO: Number of train samples: 1000
2024-05-11-22:05 INFO: Number of test samples: 1000
2024-05-11-22:05 INFO: Number of val samples: 500
2024-05-11-22:05 INFO: avg 2-hop subgraph size: 15.105801021941689
2024-05-11-22:05 INFO: max 2-hop subgraph size: 262
2024-05-11-22:05 INFO: min 2-hop subgraph size: 1
2024-05-11-22:05 INFO: avg 2-hop subgraph edge size: 52.693116922152086
2024-05-11-22:05 INFO: max 2-hop subgraph edge size: 1468
2024-05-11-22:05 INFO: min 2-hop subgraph edge size: 0
2024-05-11-22:05 INFO: avg 3-hop subgraph size: 43.51337541328524
2024-05-11-22:05 INFO: max 3-hop subgraph size: 468
2024-05-11-22:05 INFO: min 3-hop subgraph size: 1
2024-05-11-22:05 INFO: avg 3-hop subgraph edge size: 181.2209197475203
2024-05-11-22:05 INFO: max 3-hop subgraph edge size: 2370
2024-05-11-22:05 INFO: min 3-hop subgraph edge size: 0
2024-05-11-22:05 INFO: --------------------------------------------------------------------------
2024-05-11-22:05 INFO: --------------------------------------------------------------------------
2024-05-11-22:05 INFO: Start processing graph: Pubmed
2024-05-11-22:05 INFO: Number of nodes: 19717
2024-05-11-22:05 INFO: Number of edges: 88648
2024-05-11-22:05 INFO: Is undirected: True
2024-05-11-22:05 INFO: num_edge_features: 0
2024-05-11-22:05 INFO: num_node_features: 500
2024-05-11-22:05 INFO: avg degree: 4.496018664096972
2024-05-11-22:05 INFO: Number of train samples: 1000
2024-05-11-22:05 INFO: Number of test samples: 1000
2024-05-11-22:05 INFO: Number of val samples: 500
2024-05-11-22:07 INFO: avg 2-hop subgraph size: 60.053101384591976
2024-05-11-22:07 INFO: max 2-hop subgraph size: 2226
2024-05-11-22:07 INFO: min 2-hop subgraph size: 3
2024-05-11-22:07 INFO: avg 2-hop subgraph edge size: 258.71684333316426
2024-05-11-22:07 INFO: max 2-hop subgraph edge size: 10098
2024-05-11-22:07 INFO: min 2-hop subgraph edge size: 4
2024-05-11-22:08 INFO: avg 3-hop subgraph size: 394.61535730587815
2024-05-11-22:08 INFO: max 3-hop subgraph size: 5809
2024-05-11-22:08 INFO: min 3-hop subgraph size: 4
2024-05-11-22:08 INFO: avg 3-hop subgraph edge size: 2285.566465486636
2024-05-11-22:08 INFO: max 3-hop subgraph edge size: 29544
2024-05-11-22:08 INFO: min 3-hop subgraph edge size: 6
2024-05-11-22:08 INFO: --------------------------------------------------------------------------
